# JRE version: OpenJDK Runtime Environment (8.0_192-b26) (build 1.8.0_192-b26)
# Java VM: OpenJDK 64-Bit Server VM (25.192-b26 mixed mode linux-amd64 compressed oops)
Heap:
 PSYoungGen      total 138240K, used 10213K [0x000000076d800000, 0x0000000776900000, 0x00000007c0000000)
  eden space 128000K, 0% used [0x000000076d800000,0x000000076d800000,0x0000000775500000)
  from space 10240K, 99% used [0x0000000775500000,0x0000000775ef9708,0x0000000775f00000)
  to   space 10240K, 0% used [0x0000000775f00000,0x0000000775f00000,0x0000000776900000)
 ParOldGen       total 169472K, used 10990K [0x00000006c8800000, 0x00000006d2d80000, 0x000000076d800000)
  object space 169472K, 6% used [0x00000006c8800000,0x00000006c92bbb58,0x00000006d2d80000)
 Metaspace       used 17603K, capacity 21197K, committed 21296K, reserved 1064960K
  class space    used 4150K, capacity 5234K, committed 5248K, reserved 1048576K
GC Heap History (9 events):
Event: 0,749 GC heap before
{Heap before GC invocations=1 (full 0):
 PSYoungGen      total 74240K, used 64000K [0x000000076d800000, 0x0000000772a80000, 0x00000007c0000000)
  eden space 64000K, 100% used [0x000000076d800000,0x0000000771680000,0x0000000771680000)
  from space 10240K, 0% used [0x0000000772080000,0x0000000772080000,0x0000000772a80000)
  to   space 10240K, 0% used [0x0000000771680000,0x0000000771680000,0x0000000772080000)
 ParOldGen       total 169472K, used 0K [0x00000006c8800000, 0x00000006d2d80000, 0x000000076d800000)
  object space 169472K, 0% used [0x00000006c8800000,0x00000006c8800000,0x00000006d2d80000)
 Metaspace       used 10407K, capacity 11211K, committed 11520K, reserved 1058816K
  class space    used 2138K, capacity 2208K, committed 2304K, reserved 1048576K
Event: 0,756 GC heap after
Heap after GC invocations=1 (full 0):
 PSYoungGen      total 74240K, used 8281K [0x000000076d800000, 0x0000000772a80000, 0x00000007c0000000)
  eden space 64000K, 0% used [0x000000076d800000,0x000000076d800000,0x0000000771680000)
  from space 10240K, 80% used [0x0000000771680000,0x0000000771e966e0,0x0000000772080000)
  to   space 10240K, 0% used [0x0000000772080000,0x0000000772080000,0x0000000772a80000)
 ParOldGen       total 169472K, used 24K [0x00000006c8800000, 0x00000006d2d80000, 0x000000076d800000)
  object space 169472K, 0% used [0x00000006c8800000,0x00000006c8806000,0x00000006d2d80000)
 Metaspace       used 10407K, capacity 11211K, committed 11520K, reserved 1058816K
  class space    used 2138K, capacity 2208K, committed 2304K, reserved 1048576K
}
Event: 1,086 GC heap before
{Heap before GC invocations=2 (full 0):
 PSYoungGen      total 74240K, used 72281K [0x000000076d800000, 0x0000000772a80000, 0x00000007c0000000)
  eden space 64000K, 100% used [0x000000076d800000,0x0000000771680000,0x0000000771680000)
  from space 10240K, 80% used [0x0000000771680000,0x0000000771e966e0,0x0000000772080000)
  to   space 10240K, 0% used [0x0000000772080000,0x0000000772080000,0x0000000772a80000)
 ParOldGen       total 169472K, used 24K [0x00000006c8800000, 0x00000006d2d80000, 0x000000076d800000)
  object space 169472K, 0% used [0x00000006c8800000,0x00000006c8806000,0x00000006d2d80000)
 Metaspace       used 12250K, capacity 13797K, committed 13824K, reserved 1060864K
  class space    used 2733K, capacity 3054K, committed 3072K, reserved 1048576K
Event: 1,102 GC heap after
Heap after GC invocations=2 (full 0):
 PSYoungGen      total 74240K, used 5386K [0x000000076d800000, 0x0000000776900000, 0x00000007c0000000)
  eden space 64000K, 0% used [0x000000076d800000,0x000000076d800000,0x0000000771680000)
  from space 10240K, 52% used [0x0000000772080000,0x00000007725c2998,0x0000000772a80000)
  to   space 10240K, 0% used [0x0000000771680000,0x0000000771680000,0x0000000772080000)
 ParOldGen       total 169472K, used 32K [0x00000006c8800000, 0x00000006d2d80000, 0x000000076d800000)
  object space 169472K, 0% used [0x00000006c8800000,0x00000006c8808000,0x00000006d2d80000)
 Metaspace       used 12250K, capacity 13797K, committed 13824K, reserved 1060864K
  class space    used 2733K, capacity 3054K, committed 3072K, reserved 1048576K
}
Event: 1,379 GC heap before
{Heap before GC invocations=3 (full 0):
 PSYoungGen      total 74240K, used 69386K [0x000000076d800000, 0x0000000776900000, 0x00000007c0000000)
  eden space 64000K, 100% used [0x000000076d800000,0x0000000771680000,0x0000000771680000)
  from space 10240K, 52% used [0x0000000772080000,0x00000007725c2998,0x0000000772a80000)
  to   space 10240K, 0% used [0x0000000771680000,0x0000000771680000,0x0000000772080000)
 ParOldGen       total 169472K, used 32K [0x00000006c8800000, 0x00000006d2d80000, 0x000000076d800000)
  object space 169472K, 0% used [0x00000006c8800000,0x00000006c8808000,0x00000006d2d80000)
 Metaspace       used 13278K, capacity 15377K, committed 15616K, reserved 1060864K
  class space    used 3015K, capacity 3514K, committed 3584K, reserved 1048576K
Event: 1,388 GC heap after
Heap after GC invocations=3 (full 0):
 PSYoungGen      total 74240K, used 10208K [0x000000076d800000, 0x0000000776900000, 0x00000007c0000000)
  eden space 64000K, 0% used [0x000000076d800000,0x000000076d800000,0x0000000771680000)
  from space 10240K, 99% used [0x0000000771680000,0x0000000772078080,0x0000000772080000)
  to   space 10240K, 0% used [0x0000000775f00000,0x0000000775f00000,0x0000000776900000)
 ParOldGen       total 169472K, used 906K [0x00000006c8800000, 0x00000006d2d80000, 0x000000076d800000)
  object space 169472K, 0% used [0x00000006c8800000,0x00000006c88e2820,0x00000006d2d80000)
 Metaspace       used 13278K, capacity 15377K, committed 15616K, reserved 1060864K
  class space    used 3015K, capacity 3514K, committed 3584K, reserved 1048576K
}
Event: 1,626 GC heap before
{Heap before GC invocations=4 (full 0):
 PSYoungGen      total 74240K, used 74208K [0x000000076d800000, 0x0000000776900000, 0x00000007c0000000)
  eden space 64000K, 100% used [0x000000076d800000,0x0000000771680000,0x0000000771680000)
  from space 10240K, 99% used [0x0000000771680000,0x0000000772078080,0x0000000772080000)
  to   space 10240K, 0% used [0x0000000775f00000,0x0000000775f00000,0x0000000776900000)
 ParOldGen       total 169472K, used 906K [0x00000006c8800000, 0x00000006d2d80000, 0x000000076d800000)
  object space 169472K, 0% used [0x00000006c8800000,0x00000006c88e2820,0x00000006d2d80000)
 Metaspace       used 14078K, capacity 16807K, committed 17024K, reserved 1062912K
  class space    used 3259K, capacity 3960K, committed 3968K, reserved 1048576K
Event: 1,644 GC heap after
Heap after GC invocations=4 (full 0):
 PSYoungGen      total 138240K, used 10224K [0x000000076d800000, 0x0000000776900000, 0x00000007c0000000)
  eden space 128000K, 0% used [0x000000076d800000,0x000000076d800000,0x0000000775500000)
  from space 10240K, 99% used [0x0000000775f00000,0x00000007768fc050,0x0000000776900000)
  to   space 10240K, 0% used [0x0000000775500000,0x0000000775500000,0x0000000775f00000)
 ParOldGen       total 169472K, used 9333K [0x00000006c8800000, 0x00000006d2d80000, 0x000000076d800000)
  object space 169472K, 5% used [0x00000006c8800000,0x00000006c911d6b0,0x00000006d2d80000)
 Metaspace       used 14078K, capacity 16807K, committed 17024K, reserved 1062912K
  class space    used 3259K, capacity 3960K, committed 3968K, reserved 1048576K
}
Event: 2,124 GC heap before
{Heap before GC invocations=5 (full 0):
 PSYoungGen      total 138240K, used 133012K [0x000000076d800000, 0x0000000776900000, 0x00000007c0000000)
  eden space 128000K, 95% used [0x000000076d800000,0x0000000774fe9188,0x0000000775500000)
  from space 10240K, 99% used [0x0000000775f00000,0x00000007768fc050,0x0000000776900000)
  to   space 10240K, 0% used [0x0000000775500000,0x0000000775500000,0x0000000775f00000)
 ParOldGen       total 169472K, used 9333K [0x00000006c8800000, 0x00000006d2d80000, 0x000000076d800000)
  object space 169472K, 5% used [0x00000006c8800000,0x00000006c911d6b0,0x00000006d2d80000)
 Metaspace       used 17603K, capacity 21197K, committed 21296K, reserved 1064960K
  class space    used 4150K, capacity 5234K, committed 5248K, reserved 1048576K

