# JRE version: OpenJDK Runtime Environment (8.0_192-b26) (build 1.8.0_192-b26)
# Java VM: OpenJDK 64-Bit Server VM (25.192-b26 mixed mode linux-amd64 compressed oops)
Heap:
 PSYoungGen      total 138240K, used 10210K [0x000000076d800000, 0x0000000776900000, 0x00000007c0000000)
  eden space 128000K, 0% used [0x000000076d800000,0x000000076d800000,0x0000000775500000)
  from space 10240K, 99% used [0x0000000775500000,0x0000000775ef8908,0x0000000775f00000)
  to   space 10240K, 0% used [0x0000000775f00000,0x0000000775f00000,0x0000000776900000)
 ParOldGen       total 169472K, used 11020K [0x00000006c8800000, 0x00000006d2d80000, 0x000000076d800000)
  object space 169472K, 6% used [0x00000006c8800000,0x00000006c92c3070,0x00000006d2d80000)
 Metaspace       used 17723K, capacity 21257K, committed 21296K, reserved 1064960K
  class space    used 4157K, capacity 5230K, committed 5248K, reserved 1048576K
GC Heap History (9 events):
Event: 0,680 GC heap before
{Heap before GC invocations=1 (full 0):
 PSYoungGen      total 74240K, used 64000K [0x000000076d800000, 0x0000000772a80000, 0x00000007c0000000)
  eden space 64000K, 100% used [0x000000076d800000,0x0000000771680000,0x0000000771680000)
  from space 10240K, 0% used [0x0000000772080000,0x0000000772080000,0x0000000772a80000)
  to   space 10240K, 0% used [0x0000000771680000,0x0000000771680000,0x0000000772080000)
 ParOldGen       total 169472K, used 0K [0x00000006c8800000, 0x00000006d2d80000, 0x000000076d800000)
  object space 169472K, 0% used [0x00000006c8800000,0x00000006c8800000,0x00000006d2d80000)
 Metaspace       used 10416K, capacity 11211K, committed 11520K, reserved 1058816K
  class space    used 2138K, capacity 2208K, committed 2304K, reserved 1048576K
Event: 0,687 GC heap after
Heap after GC invocations=1 (full 0):
 PSYoungGen      total 74240K, used 8296K [0x000000076d800000, 0x0000000772a80000, 0x00000007c0000000)
  eden space 64000K, 0% used [0x000000076d800000,0x000000076d800000,0x0000000771680000)
  from space 10240K, 81% used [0x0000000771680000,0x0000000771e9a3f8,0x0000000772080000)
  to   space 10240K, 0% used [0x0000000772080000,0x0000000772080000,0x0000000772a80000)
 ParOldGen       total 169472K, used 24K [0x00000006c8800000, 0x00000006d2d80000, 0x000000076d800000)
  object space 169472K, 0% used [0x00000006c8800000,0x00000006c8806000,0x00000006d2d80000)
 Metaspace       used 10416K, capacity 11211K, committed 11520K, reserved 1058816K
  class space    used 2138K, capacity 2208K, committed 2304K, reserved 1048576K
}
Event: 1,013 GC heap before
{Heap before GC invocations=2 (full 0):
 PSYoungGen      total 74240K, used 72296K [0x000000076d800000, 0x0000000772a80000, 0x00000007c0000000)
  eden space 64000K, 100% used [0x000000076d800000,0x0000000771680000,0x0000000771680000)
  from space 10240K, 81% used [0x0000000771680000,0x0000000771e9a3f8,0x0000000772080000)
  to   space 10240K, 0% used [0x0000000772080000,0x0000000772080000,0x0000000772a80000)
 ParOldGen       total 169472K, used 24K [0x00000006c8800000, 0x00000006d2d80000, 0x000000076d800000)
  object space 169472K, 0% used [0x00000006c8800000,0x00000006c8806000,0x00000006d2d80000)
 Metaspace       used 12255K, capacity 13797K, committed 13824K, reserved 1060864K
  class space    used 2733K, capacity 3054K, committed 3072K, reserved 1048576K
Event: 1,018 GC heap after
Heap after GC invocations=2 (full 0):
 PSYoungGen      total 74240K, used 5386K [0x000000076d800000, 0x0000000776900000, 0x00000007c0000000)
  eden space 64000K, 0% used [0x000000076d800000,0x000000076d800000,0x0000000771680000)
  from space 10240K, 52% used [0x0000000772080000,0x00000007725c2978,0x0000000772a80000)
  to   space 10240K, 0% used [0x0000000771680000,0x0000000771680000,0x0000000772080000)
 ParOldGen       total 169472K, used 32K [0x00000006c8800000, 0x00000006d2d80000, 0x000000076d800000)
  object space 169472K, 0% used [0x00000006c8800000,0x00000006c8808000,0x00000006d2d80000)
 Metaspace       used 12255K, capacity 13797K, committed 13824K, reserved 1060864K
  class space    used 2733K, capacity 3054K, committed 3072K, reserved 1048576K
}
Event: 1,301 GC heap before
{Heap before GC invocations=3 (full 0):
 PSYoungGen      total 74240K, used 69386K [0x000000076d800000, 0x0000000776900000, 0x00000007c0000000)
  eden space 64000K, 100% used [0x000000076d800000,0x0000000771680000,0x0000000771680000)
  from space 10240K, 52% used [0x0000000772080000,0x00000007725c2978,0x0000000772a80000)
  to   space 10240K, 0% used [0x0000000771680000,0x0000000771680000,0x0000000772080000)
 ParOldGen       total 169472K, used 32K [0x00000006c8800000, 0x00000006d2d80000, 0x000000076d800000)
  object space 169472K, 0% used [0x00000006c8800000,0x00000006c8808000,0x00000006d2d80000)
 Metaspace       used 13286K, capacity 15373K, committed 15616K, reserved 1060864K
  class space    used 3015K, capacity 3514K, committed 3584K, reserved 1048576K
Event: 1,311 GC heap after
Heap after GC invocations=3 (full 0):
 PSYoungGen      total 74240K, used 10208K [0x000000076d800000, 0x0000000776900000, 0x00000007c0000000)
  eden space 64000K, 0% used [0x000000076d800000,0x000000076d800000,0x0000000771680000)
  from space 10240K, 99% used [0x0000000771680000,0x00000007720780a0,0x0000000772080000)
  to   space 10240K, 0% used [0x0000000775f00000,0x0000000775f00000,0x0000000776900000)
 ParOldGen       total 169472K, used 917K [0x00000006c8800000, 0x00000006d2d80000, 0x000000076d800000)
  object space 169472K, 0% used [0x00000006c8800000,0x00000006c88e5600,0x00000006d2d80000)
 Metaspace       used 13286K, capacity 15373K, committed 15616K, reserved 1060864K
  class space    used 3015K, capacity 3514K, committed 3584K, reserved 1048576K
}
Event: 1,548 GC heap before
{Heap before GC invocations=4 (full 0):
 PSYoungGen      total 74240K, used 74208K [0x000000076d800000, 0x0000000776900000, 0x00000007c0000000)
  eden space 64000K, 100% used [0x000000076d800000,0x0000000771680000,0x0000000771680000)
  from space 10240K, 99% used [0x0000000771680000,0x00000007720780a0,0x0000000772080000)
  to   space 10240K, 0% used [0x0000000775f00000,0x0000000775f00000,0x0000000776900000)
 ParOldGen       total 169472K, used 917K [0x00000006c8800000, 0x00000006d2d80000, 0x000000076d800000)
  object space 169472K, 0% used [0x00000006c8800000,0x00000006c88e5600,0x00000006d2d80000)
 Metaspace       used 14086K, capacity 16803K, committed 17024K, reserved 1062912K
  class space    used 3259K, capacity 3960K, committed 3968K, reserved 1048576K
Event: 1,566 GC heap after
Heap after GC invocations=4 (full 0):
 PSYoungGen      total 138240K, used 10208K [0x000000076d800000, 0x0000000776900000, 0x00000007c0000000)
  eden space 128000K, 0% used [0x000000076d800000,0x000000076d800000,0x0000000775500000)
  from space 10240K, 99% used [0x0000000775f00000,0x00000007768f8080,0x0000000776900000)
  to   space 10240K, 0% used [0x0000000775500000,0x0000000775500000,0x0000000775f00000)
 ParOldGen       total 169472K, used 9321K [0x00000006c8800000, 0x00000006d2d80000, 0x000000076d800000)
  object space 169472K, 5% used [0x00000006c8800000,0x00000006c911a490,0x00000006d2d80000)
 Metaspace       used 14086K, capacity 16803K, committed 17024K, reserved 1062912K
  class space    used 3259K, capacity 3960K, committed 3968K, reserved 1048576K
}
Event: 2,040 GC heap before
{Heap before GC invocations=5 (full 0):
 PSYoungGen      total 138240K, used 133073K [0x000000076d800000, 0x0000000776900000, 0x00000007c0000000)
  eden space 128000K, 95% used [0x000000076d800000,0x0000000774ffc6d0,0x0000000775500000)
  from space 10240K, 99% used [0x0000000775f00000,0x00000007768f8080,0x0000000776900000)
  to   space 10240K, 0% used [0x0000000775500000,0x0000000775500000,0x0000000775f00000)
 ParOldGen       total 169472K, used 9321K [0x00000006c8800000, 0x00000006d2d80000, 0x000000076d800000)
  object space 169472K, 5% used [0x00000006c8800000,0x00000006c911a490,0x00000006d2d80000)
 Metaspace       used 17723K, capacity 21257K, committed 21296K, reserved 1064960K
  class space    used 4157K, capacity 5230K, committed 5248K, reserved 1048576K

